<?xml version="1.0" encoding="UTF-8"?>
<!-- Generated by org.testng.reporters.JUnitXMLReporter -->
<testsuite ignored="0" hostname="DESKTOP-LMR0PBH" failures="0" tests="5" name="Test" time="9.371" errors="0" timestamp="2021-06-01T17:52:03 IST">
  <testcase classname="BtesHrm_PIM.TestCases.LoginTest" name="Check_Img" time="0.091"/>
  <testcase classname="BtesHrm_PIM.TestCases.LoginTest" name="Invalid_Login" time="1.473"/>
  <testcase classname="BtesHrm_PIM.TestCases.LoginTest" name="VldUserInvdPass" time="1.487"/>
  <testcase classname="BtesHrm_PIM.TestCases.LoginTest" name="InvdUserVldPass" time="1.504"/>
  <testcase classname="BtesHrm_PIM.TestCases.LoginTest" name="Valid_Login" time="4.774"/>
</testsuite> <!-- Test -->
