<?xml version="1.0" encoding="UTF-8"?>
<!-- Generated by org.testng.reporters.JUnitXMLReporter -->
<testsuite ignored="2" hostname="DESKTOP-LMR0PBH" failures="0" tests="1" name="Test" time="0.022" errors="0" timestamp="2021-05-12T05:43:22 IST">
  <testcase classname="TestNG_Pack.TestDemo2" name="googleTitleTest" time="0.003"/>
  <testcase classname="TestNG_Pack.TestDemo2" name="logoTest" time="0.0">
    <ignored/>
  </testcase> <!-- logoTest -->
  <testcase classname="TestNG_Pack.TestDemo2" name="searchPanel" time="0.0">
    <ignored/>
  </testcase> <!-- searchPanel -->
</testsuite> <!-- Test -->
