<?xml version="1.0" encoding="UTF-8"?>
<!-- Generated by org.testng.reporters.JUnitXMLReporter -->
<testsuite ignored="1" hostname="DESKTOP-LMR0PBH" failures="0" tests="2" name="Test1" time="0.004" errors="0" timestamp="2021-05-12T05:43:22 IST">
  <testcase classname="TestNG_Pack.TestDemo1" name="beta" time="0.001"/>
  <testcase classname="TestNG_Pack.TestDemo1" name="gamma" time="0.0"/>
  <testcase classname="TestNG_Pack.TestDemo1" name="alpha" time="0.0">
    <ignored/>
  </testcase> <!-- alpha -->
</testsuite> <!-- Test1 -->
